ftc_app-master/FtcRobotController/build/outputs/logs/manifest-merger-debug-report.txt
-- Merging decision tree log ---
manifest
ADDED from AndroidManifest.xml:2:1
	xmlns:tools
		ADDED from AndroidManifest.xml:3:11
	xmlns:android
		ADDED from AndroidManifest.xml:2:11
	package
		ADDED from AndroidManifest.xml:4:11
	android:versionName
		ADDED from AndroidManifest.xml:6:11
	android:versionCode
		ADDED from AndroidManifest.xml:5:11
		INJECTED from AndroidManifest.xml:0:0
		INJECTED from AndroidManifest.xml:0:0
uses-permission#android.permission.ACCESS_WIFI_STATE
ADDED from AndroidManifest.xml:9:3
	android:required
		ADDED from AndroidManifest.xml:11:5
	android:name
		ADDED from AndroidManifest.xml:10:5
uses-permission#android.permission.CHANGE_WIFI_STATE
ADDED from AndroidManifest.xml:12:3
MERGED from :WirelessP2p-release::9:5
	android:required
		ADDED from AndroidManifest.xml:14:5
	android:name
		ADDED from AndroidManifest.xml:13:5
uses-permission#android.permission.ACCESS_NETWORK_STATE
ADDED from AndroidManifest.xml:15:3
MERGED from :Analytics-release::15:5
	android:required
		ADDED from AndroidManifest.xml:17:5
	android:name
		ADDED from AndroidManifest.xml:16:5
uses-permission#android.permission.CHANGE_NETWORK_STATE
ADDED from AndroidManifest.xml:18:3
	android:required
		ADDED from AndroidManifest.xml:20:5
	android:name
		ADDED from AndroidManifest.xml:19:5
uses-permission#android.permission.INTERNET
ADDED from AndroidManifest.xml:21:3
MERGED from :Analytics-release::12:5
	android:required
		ADDED from AndroidManifest.xml:23:5
	android:name
		ADDED from AndroidManifest.xml:22:5
uses-permission#android.permission.WRITE_EXTERNAL_STORAGE
ADDED from AndroidManifest.xml:24:3
MERGED from :FtcCommon-release::11:5
MERGED from :Analytics-release::9:5
	android:required
		ADDED from AndroidManifest.xml:26:5
	android:name
		ADDED from AndroidManifest.xml:25:5
uses-permission#android.permission.READ_EXTERNAL_STORAGE
ADDED from AndroidManifest.xml:27:3
MERGED from :FtcCommon-release::14:5
	android:required
		ADDED from AndroidManifest.xml:29:5
	android:name
		ADDED from AndroidManifest.xml:28:5
uses-permission#android.permission.WRITE_SETTINGS
ADDED from AndroidManifest.xml:30:3
MERGED from :FtcCommon-release::17:5
	android:required
		ADDED from AndroidManifest.xml:32:5
	android:name
		ADDED from AndroidManifest.xml:31:5
uses-permission#android.permission.CAMERA
ADDED from AndroidManifest.xml:33:3
	android:required
		ADDED from AndroidManifest.xml:33:61
	android:name
		ADDED from AndroidManifest.xml:33:20
uses-feature#android.hardware.camera
ADDED from AndroidManifest.xml:34:3
	android:name
		ADDED from AndroidManifest.xml:34:17
uses-feature#android.hardware.camera.autofocus
ADDED from AndroidManifest.xml:35:3
	android:name
		ADDED from AndroidManifest.xml:35:17
uses-feature#android.hardware.usb.accessory
ADDED from AndroidManifest.xml:37:3
	android:name
		ADDED from AndroidManifest.xml:37:17
application
ADDED from AndroidManifest.xml:39:3
MERGED from :FtcCommon-release::21:5
MERGED from :Analytics-release::19:5
	android:label
		ADDED from AndroidManifest.xml:42:5
	android:allowBackup
		ADDED from AndroidManifest.xml:40:5
	android:icon
		ADDED from AndroidManifest.xml:41:5
	android:theme
		ADDED from AndroidManifest.xml:43:5
	android:exported
		ADDED from :Analytics-release::21:9
activity#com.qualcomm.ftcrobotcontroller.FtcRobotControllerActivity
ADDED from AndroidManifest.xml:44:5
	android:label
		ADDED from AndroidManifest.xml:47:7
	android:configChanges
		ADDED from AndroidManifest.xml:46:7
	android:name
		ADDED from AndroidManifest.xml:45:7
	android:launchMode
		ADDED from AndroidManifest.xml:48:7
intent-filter#android.hardware.usb.action.USB_DEVICE_ATTACHED+android.intent.action.MAIN+android.intent.category.LAUNCHER
ADDED from AndroidManifest.xml:49:7
action#android.intent.action.MAIN
ADDED from AndroidManifest.xml:50:9
	android:name
		ADDED from AndroidManifest.xml:50:17
category#android.intent.category.LAUNCHER
ADDED from AndroidManifest.xml:52:9
	android:name
		ADDED from AndroidManifest.xml:52:19
action#android.hardware.usb.action.USB_DEVICE_ATTACHED
ADDED from AndroidManifest.xml:54:9
	android:name
		ADDED from AndroidManifest.xml:54:17
meta-data#android.hardware.usb.action.USB_DEVICE_ATTACHED
ADDED from AndroidManifest.xml:57:7
	android:resource
		ADDED from AndroidManifest.xml:59:9
	android:name
		ADDED from AndroidManifest.xml:58:9
activity#com.qualcomm.ftccommon.FtcRobotControllerSettingsActivity
ADDED from AndroidManifest.xml:61:5
MERGED from :FtcCommon-release::26:9
	android:label
		ADDED from AndroidManifest.xml:63:7
	android:exported
		ADDED from :FtcCommon-release::28:13
	android:name
		ADDED from AndroidManifest.xml:62:7
service#com.qualcomm.ftccommon.FtcRobotControllerService
ADDED from AndroidManifest.xml:65:5
	android:enabled
		ADDED from AndroidManifest.xml:67:7
	android:name
		ADDED from AndroidManifest.xml:66:7
activity#com.qualcomm.ftccommon.configuration.FtcLoadFileActivity
ADDED from AndroidManifest.xml:68:5
MERGED from :FtcCommon-release::36:9
	android:label
		ADDED from AndroidManifest.xml:70:7
		REJECTED from :FtcCommon-release::40:13
	android:configChanges
		ADDED from :FtcCommon-release::38:13
	android:exported
		ADDED from :FtcCommon-release::39:13
	tools:replace
		ADDED from AndroidManifest.xml:71:7
	android:name
		ADDED from AndroidManifest.xml:69:7
activity#com.qualcomm.ftccommon.FtcWifiChannelSelectorActivity
ADDED from AndroidManifest.xml:73:5
MERGED from :FtcCommon-release::67:9
	android:label
		ADDED from AndroidManifest.xml:75:9
		REJECTED from :FtcCommon-release::70:13
	android:exported
		ADDED from :FtcCommon-release::69:13
	tools:replace
		ADDED from AndroidManifest.xml:76:9
	android:name
		ADDED from AndroidManifest.xml:74:9
activity#com.qualcomm.ftccommon.ConfigWifiDirectActivity
ADDED from AndroidManifest.xml:78:5
MERGED from :FtcCommon-release::63:9
	android:label
		ADDED from AndroidManifest.xml:80:7
	android:exported
		ADDED from :FtcCommon-release::65:13
	android:name
		ADDED from AndroidManifest.xml:79:7
activity#com.qualcomm.ftccommon.ViewLogsActivity
ADDED from AndroidManifest.xml:81:5
MERGED from :FtcCommon-release::77:9
	android:label
		ADDED from AndroidManifest.xml:84:7
		REJECTED from :FtcCommon-release::80:13
	android:configChanges
		ADDED from AndroidManifest.xml:83:7
	tools:replace
		ADDED from AndroidManifest.xml:85:7
	android:name
		ADDED from AndroidManifest.xml:82:7
intent-filter#android.intent.category.DEFAULT+com.qualcomm.ftcrobotcontroller.VIEW_LOGS
ADDED from AndroidManifest.xml:86:7
action#com.qualcomm.ftcrobotcontroller.VIEW_LOGS
ADDED from AndroidManifest.xml:87:9
	android:name
		ADDED from AndroidManifest.xml:87:17
category#android.intent.category.DEFAULT
ADDED from AndroidManifest.xml:88:9
	android:name
		ADDED from AndroidManifest.xml:88:19
uses-sdk
INJECTED from AndroidManifest.xml:0:0 reason: use-sdk injection requested
MERGED from :RobotCore-release::5:5
MERGED from :Hardware-release::5:5
MERGED from :FtcCommon-release::7:5
MERGED from :ModernRobotics-release::5:5
MERGED from :Analytics-release::5:5
MERGED from :WirelessP2p-release::5:5
	android:targetSdkVersion
		INJECTED from AndroidManifest.xml:0:0
		INJECTED from AndroidManifest.xml:0:0
	android:minSdkVersion
		INJECTED from AndroidManifest.xml:0:0
		INJECTED from AndroidManifest.xml:0:0
intent-filter#android.intent.category.DEFAULT+com.qualcomm.ftccommon.FtcRobotControllerSettingsActivity.intent.action.Launch
ADDED from :FtcCommon-release::30:13
action#com.qualcomm.ftccommon.FtcRobotControllerSettingsActivity.intent.action.Launch
ADDED from :FtcCommon-release::31:17
	android:name
		ADDED from :FtcCommon-release::31:25
intent-filter#android.intent.category.DEFAULT+com.qualcomm.ftccommon.configuration.FtcLoadFileActivity.intent.action.Launch
ADDED from :FtcCommon-release::41:13
action#com.qualcomm.ftccommon.configuration.FtcLoadFileActivity.intent.action.Launch
ADDED from :FtcCommon-release::42:17
	android:name
		ADDED from :FtcCommon-release::42:25
activity#com.qualcomm.ftccommon.configuration.AutoConfigureActivity
ADDED from :FtcCommon-release::47:9
	android:label
		ADDED from :FtcCommon-release::51:13
	android:configChanges
		ADDED from :FtcCommon-release::49:13
	android:exported
		ADDED from :FtcCommon-release::50:13
	android:name
		ADDED from :FtcCommon-release::48:13
intent-filter#android.intent.category.DEFAULT+com.qualcomm.ftccommon.configuration.FtcAutoconfigureActivity.intent.action.Launch
ADDED from :FtcCommon-release::52:13
action#com.qualcomm.ftccommon.configuration.FtcAutoconfigureActivity.intent.action.Launch
ADDED from :FtcCommon-release::53:17
	android:name
		ADDED from :FtcCommon-release::53:25
activity#com.qualcomm.ftccommon.configuration.FtcConfigurationActivity
ADDED from :FtcCommon-release::58:9
	android:label
		ADDED from :FtcCommon-release::61:13
	android:configChanges
		ADDED from :FtcCommon-release::60:13
	android:name
		ADDED from :FtcCommon-release::59:13
intent-filter#android.intent.category.DEFAULT+com.qualcomm.ftccommon.FtcWifiChannelSelectorActivity.intent.action.Launch
ADDED from :FtcCommon-release::71:13
action#com.qualcomm.ftccommon.FtcWifiChannelSelectorActivity.intent.action.Launch
ADDED from :FtcCommon-release::72:17
	android:name
		ADDED from :FtcCommon-release::72:25
intent-filter#android.intent.category.DEFAULT+com.qualcomm.ftccommon.ViewLogsActivity.intent.action.Launch
ADDED from :FtcCommon-release::81:13
action#com.qualcomm.ftccommon.ViewLogsActivity.intent.action.Launch
ADDED from :FtcCommon-release::82:17
	android:name
		ADDED from :FtcCommon-release::82:25
activity#com.qualcomm.ftccommon.AboutActivity
ADDED from :FtcCommon-release::87:9
	android:label
		ADDED from :FtcCommon-release::89:13
	android:name
		ADDED from :FtcCommon-release::88:13
intent-filter#android.intent.category.DEFAULT+com.qualcomm.ftccommon.configuration.AboutActivity.intent.action.Launch
ADDED from :FtcCommon-release::90:13
action#com.qualcomm.ftccommon.configuration.AboutActivity.intent.action.Launch
ADDED from :FtcCommon-release::91:17
	android:name
		ADDED from :FtcCommon-release::91:25
activity#com.qualcomm.ftccommon.configuration.EditMotorControllerActivity
ADDED from :FtcCommon-release::96:9
	android:windowSoftInputMode
		ADDED from :FtcCommon-release::100:13
	android:label
		ADDED from :FtcCommon-release::99:13
	android:configChanges
		ADDED from :FtcCommon-release::98:13
	android:name
		ADDED from :FtcCommon-release::97:13
activity#com.qualcomm.ftccommon.configuration.EditServoControllerActivity
ADDED from :FtcCommon-release::102:9
	android:windowSoftInputMode
		ADDED from :FtcCommon-release::106:13
	android:label
		ADDED from :FtcCommon-release::105:13
	android:configChanges
		ADDED from :FtcCommon-release::104:13
	android:name
		ADDED from :FtcCommon-release::103:13
activity#com.qualcomm.ftccommon.configuration.EditLegacyModuleControllerActivity
ADDED from :FtcCommon-release::108:9
	android:windowSoftInputMode
		ADDED from :FtcCommon-release::112:13
	android:label
		ADDED from :FtcCommon-release::111:13
	android:configChanges
		ADDED from :FtcCommon-release::110:13
	android:name
		ADDED from :FtcCommon-release::109:13
activity#com.qualcomm.ftccommon.configuration.EditMatrixControllerActivity
ADDED from :FtcCommon-release::114:9
	android:windowSoftInputMode
		ADDED from :FtcCommon-release::118:13
	android:label
		ADDED from :FtcCommon-release::117:13
	android:configChanges
		ADDED from :FtcCommon-release::116:13
	android:name
		ADDED from :FtcCommon-release::115:13
activity#com.qualcomm.ftccommon.configuration.EditDeviceInterfaceModuleActivity
ADDED from :FtcCommon-release::120:9
	android:windowSoftInputMode
		ADDED from :FtcCommon-release::124:13
	android:label
		ADDED from :FtcCommon-release::123:13
	android:configChanges
		ADDED from :FtcCommon-release::122:13
	android:name
		ADDED from :FtcCommon-release::121:13
activity#com.qualcomm.ftccommon.configuration.EditPWMDevicesActivity
ADDED from :FtcCommon-release::126:9
	android:windowSoftInputMode
		ADDED from :FtcCommon-release::130:13
	android:label
		ADDED from :FtcCommon-release::129:13
	android:configChanges
		ADDED from :FtcCommon-release::128:13
	android:name
		ADDED from :FtcCommon-release::127:13
activity#com.qualcomm.ftccommon.configuration.EditAnalogInputDevicesActivity
ADDED from :FtcCommon-release::132:9
	android:windowSoftInputMode
		ADDED from :FtcCommon-release::136:13
	android:label
		ADDED from :FtcCommon-release::135:13
	android:configChanges
		ADDED from :FtcCommon-release::134:13
	android:name
		ADDED from :FtcCommon-release::133:13
activity#com.qualcomm.ftccommon.configuration.EditDigitalDevicesActivity
ADDED from :FtcCommon-release::138:9
	android:windowSoftInputMode
		ADDED from :FtcCommon-release::142:13
	android:label
		ADDED from :FtcCommon-release::141:13
	android:configChanges
		ADDED from :FtcCommon-release::140:13
	android:name
		ADDED from :FtcCommon-release::139:13
activity#com.qualcomm.ftccommon.configuration.EditI2cDevicesActivity
ADDED from :FtcCommon-release::144:9
	android:windowSoftInputMode
		ADDED from :FtcCommon-release::148:13
	android:label
		ADDED from :FtcCommon-release::147:13
	android:configChanges
		ADDED from :FtcCommon-release::146:13
	android:name
		ADDED from :FtcCommon-release::145:13
activity#com.qualcomm.ftccommon.configuration.EditAnalogOutputDevicesActivity
ADDED from :FtcCommon-release::150:9
	android:windowSoftInputMode
		ADDED from :FtcCommon-release::154:13
	android:label
		ADDED from :FtcCommon-release::153:13
	android:configChanges
		ADDED from :FtcCommon-release::152:13
	android:name
		ADDED from :FtcCommon-release::151:13
uses-library#android.test.runner
ADDED from :Analytics-release::23:9
	android:name
		ADDED from :Analytics-release::23:23